# JRE version: OpenJDK Runtime Environment Temurin-17.0.1+12 (17.0.1+12) (build 17.0.1+12)
# Java VM: OpenJDK 64-Bit Server VM Temurin-17.0.1+12 (17.0.1+12, mixed mode, tiered, compressed oops, compressed class ptrs, parallel gc, windows-amd64)
GC Precious Log:
 CPUs: 4 total, 4 available
 Memory: 16276M
 Large Page Support: Disabled
 NUMA Support: Disabled
 Compressed Oops: Enabled (32-bit)
 Alignments: Space 512K, Generation 512K, Heap 2M
 Heap Min Capacity: 100M
 Heap Initial Capacity: 100M
 Heap Max Capacity: 1G
 Pre-touch: Disabled
 Parallel Workers: 4
Heap:
 PSYoungGen      total 23040K, used 20358K [0x00000000eab00000, 0x00000000ec600000, 0x0000000100000000)
  eden space 19968K, 86% used [0x00000000eab00000,0x00000000ebbe6a60,0x00000000ebe80000)
  from space 3072K, 99% used [0x00000000ec000000,0x00000000ec2fb060,0x00000000ec300000)
  to   space 3072K, 0% used [0x00000000ec300000,0x00000000ec300000,0x00000000ec600000)
 ParOldGen       total 68608K, used 26351K [0x00000000c0000000, 0x00000000c4300000, 0x00000000eab00000)
  object space 68608K, 38% used [0x00000000c0000000,0x00000000c19bbce8,0x00000000c4300000)
 Metaspace       used 50931K, committed 51712K, reserved 1097728K
  class space    used 5620K, committed 5952K, reserved 1048576K
GC Heap History (20 events):
Event: 21.606 GC heap before
{Heap before GC invocations=6 (full 1):
 PSYoungGen      total 29696K, used 25600K [0x00000000eab00000, 0x00000000ecc00000, 0x0000000100000000)
  eden space 25600K, 100% used [0x00000000eab00000,0x00000000ec400000,0x00000000ec400000)
  from space 4096K, 0% used [0x00000000ec800000,0x00000000ec800000,0x00000000ecc00000)
  to   space 4096K, 0% used [0x00000000ec400000,0x00000000ec400000,0x00000000ec800000)
 ParOldGen       total 68608K, used 9359K [0x00000000c0000000, 0x00000000c4300000, 0x00000000eab00000)
  object space 68608K, 13% used [0x00000000c0000000,0x00000000c0923ce8,0x00000000c4300000)
 Metaspace       used 27968K, committed 28416K, reserved 1081344K
  class space    used 2728K, committed 2880K, reserved 1048576K
}
Event: 21.608 GC heap after
{Heap after GC invocations=6 (full 1):
 PSYoungGen      total 27136K, used 1573K [0x00000000eab00000, 0x00000000ec980000, 0x0000000100000000)
  eden space 25088K, 0% used [0x00000000eab00000,0x00000000eab00000,0x00000000ec380000)
  from space 2048K, 76% used [0x00000000ec400000,0x00000000ec5896f8,0x00000000ec600000)
  to   space 3072K, 0% used [0x00000000ec680000,0x00000000ec680000,0x00000000ec980000)
 ParOldGen       total 68608K, used 9367K [0x00000000c0000000, 0x00000000c4300000, 0x00000000eab00000)
  object space 68608K, 13% used [0x00000000c0000000,0x00000000c0925ce8,0x00000000c4300000)
 Metaspace       used 27968K, committed 28416K, reserved 1081344K
  class space    used 2728K, committed 2880K, reserved 1048576K
}
Event: 24.413 GC heap before
{Heap before GC invocations=7 (full 1):
 PSYoungGen      total 27136K, used 26006K [0x00000000eab00000, 0x00000000ec980000, 0x0000000100000000)
  eden space 25088K, 97% used [0x00000000eab00000,0x00000000ec2dc190,0x00000000ec380000)
  from space 2048K, 76% used [0x00000000ec400000,0x00000000ec5896f8,0x00000000ec600000)
  to   space 3072K, 0% used [0x00000000ec680000,0x00000000ec680000,0x00000000ec980000)
 ParOldGen       total 68608K, used 9367K [0x00000000c0000000, 0x00000000c4300000, 0x00000000eab00000)
  object space 68608K, 13% used [0x00000000c0000000,0x00000000c0925ce8,0x00000000c4300000)
 Metaspace       used 35162K, committed 35904K, reserved 1081344K
  class space    used 3714K, committed 4032K, reserved 1048576K
}
Event: 24.416 GC heap after
{Heap after GC invocations=7 (full 1):
 PSYoungGen      total 26624K, used 3056K [0x00000000eab00000, 0x00000000ecc80000, 0x0000000100000000)
  eden space 23552K, 0% used [0x00000000eab00000,0x00000000eab00000,0x00000000ec200000)
  from space 3072K, 99% used [0x00000000ec680000,0x00000000ec97c378,0x00000000ec980000)
  to   space 4608K, 0% used [0x00000000ec200000,0x00000000ec200000,0x00000000ec680000)
 ParOldGen       total 68608K, used 10123K [0x00000000c0000000, 0x00000000c4300000, 0x00000000eab00000)
  object space 68608K, 14% used [0x00000000c0000000,0x00000000c09e2d50,0x00000000c4300000)
 Metaspace       used 35162K, committed 35904K, reserved 1081344K
  class space    used 3714K, committed 4032K, reserved 1048576K
}
Event: 24.439 GC heap before
{Heap before GC invocations=8 (full 1):
 PSYoungGen      total 26624K, used 4461K [0x00000000eab00000, 0x00000000ecc80000, 0x0000000100000000)
  eden space 23552K, 5% used [0x00000000eab00000,0x00000000eac5f260,0x00000000ec200000)
  from space 3072K, 99% used [0x00000000ec680000,0x00000000ec97c378,0x00000000ec980000)
  to   space 4608K, 0% used [0x00000000ec200000,0x00000000ec200000,0x00000000ec680000)
 ParOldGen       total 68608K, used 10123K [0x00000000c0000000, 0x00000000c4300000, 0x00000000eab00000)
  object space 68608K, 14% used [0x00000000c0000000,0x00000000c09e2d50,0x00000000c4300000)
 Metaspace       used 35464K, committed 36160K, reserved 1081344K
  class space    used 3766K, committed 4096K, reserved 1048576K
}
Event: 24.441 GC heap after
{Heap after GC invocations=8 (full 1):
 PSYoungGen      total 28160K, used 3246K [0x00000000eab00000, 0x00000000eca80000, 0x0000000100000000)
  eden space 23552K, 0% used [0x00000000eab00000,0x00000000eab00000,0x00000000ec200000)
  from space 4608K, 70% used [0x00000000ec200000,0x00000000ec52b960,0x00000000ec680000)
  to   space 3584K, 0% used [0x00000000ec700000,0x00000000ec700000,0x00000000eca80000)
 ParOldGen       total 68608K, used 10131K [0x00000000c0000000, 0x00000000c4300000, 0x00000000eab00000)
  object space 68608K, 14% used [0x00000000c0000000,0x00000000c09e4d50,0x00000000c4300000)
 Metaspace       used 35464K, committed 36160K, reserved 1081344K
  class space    used 3766K, committed 4096K, reserved 1048576K
}
Event: 24.441 GC heap before
{Heap before GC invocations=9 (full 2):
 PSYoungGen      total 28160K, used 3246K [0x00000000eab00000, 0x00000000eca80000, 0x0000000100000000)
  eden space 23552K, 0% used [0x00000000eab00000,0x00000000eab00000,0x00000000ec200000)
  from space 4608K, 70% used [0x00000000ec200000,0x00000000ec52b960,0x00000000ec680000)
  to   space 3584K, 0% used [0x00000000ec700000,0x00000000ec700000,0x00000000eca80000)
 ParOldGen       total 68608K, used 10131K [0x00000000c0000000, 0x00000000c4300000, 0x00000000eab00000)
  object space 68608K, 14% used [0x00000000c0000000,0x00000000c09e4d50,0x00000000c4300000)
 Metaspace       used 35464K, committed 36160K, reserved 1081344K
  class space    used 3766K, committed 4096K, reserved 1048576K
}
Event: 24.469 GC heap after
{Heap after GC invocations=9 (full 2):
 PSYoungGen      total 28160K, used 0K [0x00000000eab00000, 0x00000000eca80000, 0x0000000100000000)
  eden space 23552K, 0% used [0x00000000eab00000,0x00000000eab00000,0x00000000ec200000)
  from space 4608K, 0% used [0x00000000ec200000,0x00000000ec200000,0x00000000ec680000)
  to   space 3584K, 0% used [0x00000000ec700000,0x00000000ec700000,0x00000000eca80000)
 ParOldGen       total 68608K, used 12620K [0x00000000c0000000, 0x00000000c4300000, 0x00000000eab00000)
  object space 68608K, 18% used [0x00000000c0000000,0x00000000c0c531a8,0x00000000c4300000)
 Metaspace       used 35464K, committed 36160K, reserved 1081344K
  class space    used 3766K, committed 4096K, reserved 1048576K
}
Event: 26.600 GC heap before
{Heap before GC invocations=10 (full 2):
 PSYoungGen      total 28160K, used 23552K [0x00000000eab00000, 0x00000000eca80000, 0x0000000100000000)
  eden space 23552K, 100% used [0x00000000eab00000,0x00000000ec200000,0x00000000ec200000)
  from space 4608K, 0% used [0x00000000ec200000,0x00000000ec200000,0x00000000ec680000)
  to   space 3584K, 0% used [0x00000000ec700000,0x00000000ec700000,0x00000000eca80000)
 ParOldGen       total 68608K, used 12620K [0x00000000c0000000, 0x00000000c4300000, 0x00000000eab00000)
  object space 68608K, 18% used [0x00000000c0000000,0x00000000c0c531a8,0x00000000c4300000)
 Metaspace       used 39627K, committed 40256K, reserved 1089536K
  class space    used 4296K, committed 4544K, reserved 1048576K
}
Event: 26.601 GC heap after
{Heap after GC invocations=10 (full 2):
 PSYoungGen      total 24576K, used 1216K [0x00000000eab00000, 0x00000000ec880000, 0x0000000100000000)
  eden space 23040K, 0% used [0x00000000eab00000,0x00000000eab00000,0x00000000ec180000)
  from space 1536K, 79% used [0x00000000ec700000,0x00000000ec830000,0x00000000ec880000)
  to   space 2048K, 0% used [0x00000000ec480000,0x00000000ec480000,0x00000000ec680000)
 ParOldGen       total 68608K, used 12628K [0x00000000c0000000, 0x00000000c4300000, 0x00000000eab00000)
  object space 68608K, 18% used [0x00000000c0000000,0x00000000c0c551a8,0x00000000c4300000)
 Metaspace       used 39627K, committed 40256K, reserved 1089536K
  class space    used 4296K, committed 4544K, reserved 1048576K
}
Event: 28.155 GC heap before
{Heap before GC invocations=11 (full 2):
 PSYoungGen      total 24576K, used 24256K [0x00000000eab00000, 0x00000000ec880000, 0x0000000100000000)
  eden space 23040K, 100% used [0x00000000eab00000,0x00000000ec180000,0x00000000ec180000)
  from space 1536K, 79% used [0x00000000ec700000,0x00000000ec830000,0x00000000ec880000)
  to   space 2048K, 0% used [0x00000000ec480000,0x00000000ec480000,0x00000000ec680000)
 ParOldGen       total 68608K, used 12628K [0x00000000c0000000, 0x00000000c4300000, 0x00000000eab00000)
  object space 68608K, 18% used [0x00000000c0000000,0x00000000c0c551a8,0x00000000c4300000)
 Metaspace       used 42518K, committed 43264K, reserved 1089536K
  class space    used 4646K, committed 4928K, reserved 1048576K
}
Event: 28.159 GC heap after
{Heap after GC invocations=11 (full 2):
 PSYoungGen      total 24576K, used 2031K [0x00000000eab00000, 0x00000000eca00000, 0x0000000100000000)
  eden space 22528K, 0% used [0x00000000eab00000,0x00000000eab00000,0x00000000ec100000)
  from space 2048K, 99% used [0x00000000ec480000,0x00000000ec67bd40,0x00000000ec680000)
  to   space 3584K, 0% used [0x00000000ec680000,0x00000000ec680000,0x00000000eca00000)
 ParOldGen       total 68608K, used 14680K [0x00000000c0000000, 0x00000000c4300000, 0x00000000eab00000)
  object space 68608K, 21% used [0x00000000c0000000,0x00000000c0e56020,0x00000000c4300000)
 Metaspace       used 42518K, committed 43264K, reserved 1089536K
  class space    used 4646K, committed 4928K, reserved 1048576K
}
Event: 29.010 GC heap before
{Heap before GC invocations=12 (full 2):
 PSYoungGen      total 24576K, used 24559K [0x00000000eab00000, 0x00000000eca00000, 0x0000000100000000)
  eden space 22528K, 100% used [0x00000000eab00000,0x00000000ec100000,0x00000000ec100000)
  from space 2048K, 99% used [0x00000000ec480000,0x00000000ec67bd40,0x00000000ec680000)
  to   space 3584K, 0% used [0x00000000ec680000,0x00000000ec680000,0x00000000eca00000)
 ParOldGen       total 68608K, used 14680K [0x00000000c0000000, 0x00000000c4300000, 0x00000000eab00000)
  object space 68608K, 21% used [0x00000000c0000000,0x00000000c0e56020,0x00000000c4300000)
 Metaspace       used 45247K, committed 46016K, reserved 1089536K
  class space    used 4955K, committed 5312K, reserved 1048576K
}
Event: 29.016 GC heap after
{Heap after GC invocations=12 (full 2):
 PSYoungGen      total 23552K, used 3570K [0x00000000eab00000, 0x00000000ed080000, 0x0000000100000000)
  eden space 19968K, 0% used [0x00000000eab00000,0x00000000eab00000,0x00000000ebe80000)
  from space 3584K, 99% used [0x00000000ec680000,0x00000000ec9fcb20,0x00000000eca00000)
  to   space 8192K, 0% used [0x00000000ebe80000,0x00000000ebe80000,0x00000000ec680000)
 ParOldGen       total 68608K, used 18480K [0x00000000c0000000, 0x00000000c4300000, 0x00000000eab00000)
  object space 68608K, 26% used [0x00000000c0000000,0x00000000c120c2c0,0x00000000c4300000)
 Metaspace       used 45247K, committed 46016K, reserved 1089536K
  class space    used 4955K, committed 5312K, reserved 1048576K
}
Event: 31.768 GC heap before
{Heap before GC invocations=13 (full 2):
 PSYoungGen      total 23552K, used 22910K [0x00000000eab00000, 0x00000000ed080000, 0x0000000100000000)
  eden space 19968K, 96% used [0x00000000eab00000,0x00000000ebde2db8,0x00000000ebe80000)
  from space 3584K, 99% used [0x00000000ec680000,0x00000000ec9fcb20,0x00000000eca00000)
  to   space 8192K, 0% used [0x00000000ebe80000,0x00000000ebe80000,0x00000000ec680000)
 ParOldGen       total 68608K, used 18480K [0x00000000c0000000, 0x00000000c4300000, 0x00000000eab00000)
  object space 68608K, 26% used [0x00000000c0000000,0x00000000c120c2c0,0x00000000c4300000)
 Metaspace       used 49161K, committed 49920K, reserved 1097728K
  class space    used 5454K, committed 5760K, reserved 1048576K
}
Event: 31.773 GC heap after
{Heap after GC invocations=13 (full 2):
 PSYoungGen      total 22528K, used 2102K [0x00000000eab00000, 0x00000000ec700000, 0x0000000100000000)
  eden space 19968K, 0% used [0x00000000eab00000,0x00000000eab00000,0x00000000ebe80000)
  from space 2560K, 82% used [0x00000000ebe80000,0x00000000ec08d880,0x00000000ec100000)
  to   space 4096K, 0% used [0x00000000ec300000,0x00000000ec300000,0x00000000ec700000)
 ParOldGen       total 68608K, used 22048K [0x00000000c0000000, 0x00000000c4300000, 0x00000000eab00000)
  object space 68608K, 32% used [0x00000000c0000000,0x00000000c1588080,0x00000000c4300000)
 Metaspace       used 49161K, committed 49920K, reserved 1097728K
  class space    used 5454K, committed 5760K, reserved 1048576K
}
Event: 32.167 GC heap before
{Heap before GC invocations=14 (full 2):
 PSYoungGen      total 22528K, used 22070K [0x00000000eab00000, 0x00000000ec700000, 0x0000000100000000)
  eden space 19968K, 100% used [0x00000000eab00000,0x00000000ebe80000,0x00000000ebe80000)
  from space 2560K, 82% used [0x00000000ebe80000,0x00000000ec08d880,0x00000000ec100000)
  to   space 4096K, 0% used [0x00000000ec300000,0x00000000ec300000,0x00000000ec700000)
 ParOldGen       total 68608K, used 22048K [0x00000000c0000000, 0x00000000c4300000, 0x00000000eab00000)
  object space 68608K, 32% used [0x00000000c0000000,0x00000000c1588080,0x00000000c4300000)
 Metaspace       used 49401K, committed 50112K, reserved 1097728K
  class space    used 5474K, committed 5760K, reserved 1048576K
}
Event: 32.169 GC heap after
{Heap after GC invocations=14 (full 2):
 PSYoungGen      total 23040K, used 2811K [0x00000000eab00000, 0x00000000ec600000, 0x0000000100000000)
  eden space 19968K, 0% used [0x00000000eab00000,0x00000000eab00000,0x00000000ebe80000)
  from space 3072K, 91% used [0x00000000ec300000,0x00000000ec5bef18,0x00000000ec600000)
  to   space 3072K, 0% used [0x00000000ec000000,0x00000000ec000000,0x00000000ec300000)
 ParOldGen       total 68608K, used 24092K [0x00000000c0000000, 0x00000000c4300000, 0x00000000eab00000)
  object space 68608K, 35% used [0x00000000c0000000,0x00000000c17873e8,0x00000000c4300000)
 Metaspace       used 49401K, committed 50112K, reserved 1097728K
  class space    used 5474K, committed 5760K, reserved 1048576K
}
Event: 33.682 GC heap before
{Heap before GC invocations=15 (full 2):
 PSYoungGen      total 23040K, used 22779K [0x00000000eab00000, 0x00000000ec600000, 0x0000000100000000)
  eden space 19968K, 100% used [0x00000000eab00000,0x00000000ebe80000,0x00000000ebe80000)
  from space 3072K, 91% used [0x00000000ec300000,0x00000000ec5bef18,0x00000000ec600000)
  to   space 3072K, 0% used [0x00000000ec000000,0x00000000ec000000,0x00000000ec300000)
 ParOldGen       total 68608K, used 24092K [0x00000000c0000000, 0x00000000c4300000, 0x00000000eab00000)
  object space 68608K, 35% used [0x00000000c0000000,0x00000000c17873e8,0x00000000c4300000)
 Metaspace       used 50827K, committed 51648K, reserved 1097728K
  class space    used 5620K, committed 5952K, reserved 1048576K
}
Event: 33.685 GC heap after
{Heap after GC invocations=15 (full 2):
 PSYoungGen      total 23040K, used 3052K [0x00000000eab00000, 0x00000000ec600000, 0x0000000100000000)
  eden space 19968K, 0% used [0x00000000eab00000,0x00000000eab00000,0x00000000ebe80000)
  from space 3072K, 99% used [0x00000000ec000000,0x00000000ec2fb060,0x00000000ec300000)
  to   space 3072K, 0% used [0x00000000ec300000,0x00000000ec300000,0x00000000ec600000)
 ParOldGen       total 68608K, used 26351K [0x00000000c0000000, 0x00000000c4300000, 0x00000000eab00000)
  object space 68608K, 38% used [0x00000000c0000000,0x00000000c19bbce8,0x00000000c4300000)
 Metaspace       used 50827K, committed 51648K, reserved 1097728K
  class space    used 5620K, committed 5952K, reserved 1048576K
}

